CRITICAL - 2024-09-16 08:53:14 --> ErrorException: Undefined variable $page
[Method: GET, Route: /]
in APPPATH\Views\v_template.php on line 178.
 1 APPPATH\Views\v_template.php(178): CodeIgniter\Debug\Exceptions->errorHandler(2, 'Undefined variable $page', 'C:\\wamp64\\www\\kasir-ci4\\app\\Views\\v_template.php', 178)
 2 SYSTEMPATH\View\View.php(234): include('C:\\wamp64\\www\\kasir-ci4\\app\\Views\\v_template.php')
 3 SYSTEMPATH\View\View.php(237): CodeIgniter\View\View->CodeIgniter\View\{closure}()
 4 SYSTEMPATH\Common.php(1171): CodeIgniter\View\View->render('v_template', [], true)
 5 APPPATH\Controllers\Home.php(9): view('v_template')
 6 SYSTEMPATH\CodeIgniter.php(933): App\Controllers\Home->index()
 7 SYSTEMPATH\CodeIgniter.php(509): CodeIgniter\CodeIgniter->runController(Object(App\Controllers\Home))
 8 SYSTEMPATH\CodeIgniter.php(355): CodeIgniter\CodeIgniter->handleRequest(null, Object(Config\Cache), false)
 9 SYSTEMPATH\Boot.php(325): CodeIgniter\CodeIgniter->run()
10 SYSTEMPATH\Boot.php(67): CodeIgniter\Boot::runCodeIgniter(Object(CodeIgniter\CodeIgniter))
11 FCPATH\index.php(56): CodeIgniter\Boot::bootWeb(Object(Config\Paths))
CRITICAL - 2024-09-16 09:11:42 --> CodeIgniter\View\Exceptions\ViewException: Invalid file: "v_home.php"
[Method: GET, Route: home]
in SYSTEMPATH\Exceptions\FrameworkException.php on line 41.
 1 SYSTEMPATH\View\View.php(222): CodeIgniter\Exceptions\FrameworkException::forInvalidFile('v_home.php')
 2 SYSTEMPATH\Common.php(1171): CodeIgniter\View\View->render('v_home', [], true)
 3 APPPATH\Views\v_template.php(179): view('v_home')
 4 SYSTEMPATH\View\View.php(234): include('C:\\wamp64\\www\\kasir-ci4\\app\\Views\\v_template.php')
 5 SYSTEMPATH\View\View.php(237): CodeIgniter\View\View->CodeIgniter\View\{closure}()
 6 SYSTEMPATH\Common.php(1171): CodeIgniter\View\View->render('v_template', [], true)
 7 APPPATH\Controllers\Home.php(12): view('v_template', [...])
 8 SYSTEMPATH\CodeIgniter.php(933): App\Controllers\Home->index()
 9 SYSTEMPATH\CodeIgniter.php(509): CodeIgniter\CodeIgniter->runController(Object(App\Controllers\Home))
10 SYSTEMPATH\CodeIgniter.php(355): CodeIgniter\CodeIgniter->handleRequest(null, Object(Config\Cache), false)
11 SYSTEMPATH\Boot.php(325): CodeIgniter\CodeIgniter->run()
12 SYSTEMPATH\Boot.php(67): CodeIgniter\Boot::runCodeIgniter(Object(CodeIgniter\CodeIgniter))
13 FCPATH\index.php(56): CodeIgniter\Boot::bootWeb(Object(Config\Paths))
CRITICAL - 2024-09-16 13:31:05 --> ErrorException: Undefined variable $subjudul
[Method: GET, Route: Admin]
in APPPATH\Views\v_template.php on line 166.
 1 APPPATH\Views\v_template.php(166): CodeIgniter\Debug\Exceptions->errorHandler(2, 'Undefined variable $subjudul', 'C:\\wamp64\\www\\kasir-ci4\\app\\Views\\v_template.php', 166)
 2 SYSTEMPATH\View\View.php(234): include('C:\\wamp64\\www\\kasir-ci4\\app\\Views\\v_template.php')
 3 SYSTEMPATH\View\View.php(237): CodeIgniter\View\View->CodeIgniter\View\{closure}()
 4 SYSTEMPATH\Common.php(1171): CodeIgniter\View\View->render('v_template', [], true)
 5 APPPATH\Controllers\Admin.php(16): view('v_template', [...])
 6 SYSTEMPATH\CodeIgniter.php(933): App\Controllers\Admin->index()
 7 SYSTEMPATH\CodeIgniter.php(509): CodeIgniter\CodeIgniter->runController(Object(App\Controllers\Admin))
 8 SYSTEMPATH\CodeIgniter.php(355): CodeIgniter\CodeIgniter->handleRequest(null, Object(Config\Cache), false)
 9 SYSTEMPATH\Boot.php(325): CodeIgniter\CodeIgniter->run()
10 SYSTEMPATH\Boot.php(67): CodeIgniter\Boot::runCodeIgniter(Object(CodeIgniter\CodeIgniter))
11 FCPATH\index.php(56): CodeIgniter\Boot::bootWeb(Object(Config\Paths))
CRITICAL - 2024-09-16 13:32:35 --> ErrorException: Undefined variable $subjudul
[Method: GET, Route: Admin]
in APPPATH\Views\v_template.php on line 166.
 1 APPPATH\Views\v_template.php(166): CodeIgniter\Debug\Exceptions->errorHandler(2, 'Undefined variable $subjudul', 'C:\\wamp64\\www\\kasir-ci4\\app\\Views\\v_template.php', 166)
 2 SYSTEMPATH\View\View.php(234): include('C:\\wamp64\\www\\kasir-ci4\\app\\Views\\v_template.php')
 3 SYSTEMPATH\View\View.php(237): CodeIgniter\View\View->CodeIgniter\View\{closure}()
 4 SYSTEMPATH\Common.php(1171): CodeIgniter\View\View->render('v_template', [], true)
 5 APPPATH\Controllers\Admin.php(16): view('v_template', [...])
 6 SYSTEMPATH\CodeIgniter.php(933): App\Controllers\Admin->index()
 7 SYSTEMPATH\CodeIgniter.php(509): CodeIgniter\CodeIgniter->runController(Object(App\Controllers\Admin))
 8 SYSTEMPATH\CodeIgniter.php(355): CodeIgniter\CodeIgniter->handleRequest(null, Object(Config\Cache), false)
 9 SYSTEMPATH\Boot.php(325): CodeIgniter\CodeIgniter->run()
10 SYSTEMPATH\Boot.php(67): CodeIgniter\Boot::runCodeIgniter(Object(CodeIgniter\CodeIgniter))
11 FCPATH\index.php(56): CodeIgniter\Boot::bootWeb(Object(Config\Paths))
CRITICAL - 2024-09-16 13:32:36 --> ErrorException: Undefined variable $subjudul
[Method: GET, Route: Admin]
in APPPATH\Views\v_template.php on line 166.
 1 APPPATH\Views\v_template.php(166): CodeIgniter\Debug\Exceptions->errorHandler(2, 'Undefined variable $subjudul', 'C:\\wamp64\\www\\kasir-ci4\\app\\Views\\v_template.php', 166)
 2 SYSTEMPATH\View\View.php(234): include('C:\\wamp64\\www\\kasir-ci4\\app\\Views\\v_template.php')
 3 SYSTEMPATH\View\View.php(237): CodeIgniter\View\View->CodeIgniter\View\{closure}()
 4 SYSTEMPATH\Common.php(1171): CodeIgniter\View\View->render('v_template', [], true)
 5 APPPATH\Controllers\Admin.php(16): view('v_template', [...])
 6 SYSTEMPATH\CodeIgniter.php(933): App\Controllers\Admin->index()
 7 SYSTEMPATH\CodeIgniter.php(509): CodeIgniter\CodeIgniter->runController(Object(App\Controllers\Admin))
 8 SYSTEMPATH\CodeIgniter.php(355): CodeIgniter\CodeIgniter->handleRequest(null, Object(Config\Cache), false)
 9 SYSTEMPATH\Boot.php(325): CodeIgniter\CodeIgniter->run()
10 SYSTEMPATH\Boot.php(67): CodeIgniter\Boot::runCodeIgniter(Object(CodeIgniter\CodeIgniter))
11 FCPATH\index.php(56): CodeIgniter\Boot::bootWeb(Object(Config\Paths))
CRITICAL - 2024-09-16 13:51:01 --> ErrorException: Undefined variable $subjudul
[Method: GET, Route: Admin/Setting]
in APPPATH\Views\v_template.php on line 166.
 1 APPPATH\Views\v_template.php(166): CodeIgniter\Debug\Exceptions->errorHandler(2, 'Undefined variable $subjudul', 'C:\\wamp64\\www\\kasir-ci4\\app\\Views\\v_template.php', 166)
 2 SYSTEMPATH\View\View.php(234): include('C:\\wamp64\\www\\kasir-ci4\\app\\Views\\v_template.php')
 3 SYSTEMPATH\View\View.php(237): CodeIgniter\View\View->CodeIgniter\View\{closure}()
 4 SYSTEMPATH\Common.php(1171): CodeIgniter\View\View->render('v_template', [], true)
 5 APPPATH\Controllers\Admin.php(28): view('v_template', [...])
 6 SYSTEMPATH\CodeIgniter.php(933): App\Controllers\Admin->Setting()
 7 SYSTEMPATH\CodeIgniter.php(509): CodeIgniter\CodeIgniter->runController(Object(App\Controllers\Admin))
 8 SYSTEMPATH\CodeIgniter.php(355): CodeIgniter\CodeIgniter->handleRequest(null, Object(Config\Cache), false)
 9 SYSTEMPATH\Boot.php(325): CodeIgniter\CodeIgniter->run()
10 SYSTEMPATH\Boot.php(67): CodeIgniter\Boot::runCodeIgniter(Object(CodeIgniter\CodeIgniter))
11 FCPATH\index.php(56): CodeIgniter\Boot::bootWeb(Object(Config\Paths))
CRITICAL - 2024-09-16 13:51:15 --> ErrorException: Undefined variable $subjudul
[Method: GET, Route: Admin/Setting]
in APPPATH\Views\v_template.php on line 166.
 1 APPPATH\Views\v_template.php(166): CodeIgniter\Debug\Exceptions->errorHandler(2, 'Undefined variable $subjudul', 'C:\\wamp64\\www\\kasir-ci4\\app\\Views\\v_template.php', 166)
 2 SYSTEMPATH\View\View.php(234): include('C:\\wamp64\\www\\kasir-ci4\\app\\Views\\v_template.php')
 3 SYSTEMPATH\View\View.php(237): CodeIgniter\View\View->CodeIgniter\View\{closure}()
 4 SYSTEMPATH\Common.php(1171): CodeIgniter\View\View->render('v_template', [], true)
 5 APPPATH\Controllers\Admin.php(28): view('v_template', [...])
 6 SYSTEMPATH\CodeIgniter.php(933): App\Controllers\Admin->Setting()
 7 SYSTEMPATH\CodeIgniter.php(509): CodeIgniter\CodeIgniter->runController(Object(App\Controllers\Admin))
 8 SYSTEMPATH\CodeIgniter.php(355): CodeIgniter\CodeIgniter->handleRequest(null, Object(Config\Cache), false)
 9 SYSTEMPATH\Boot.php(325): CodeIgniter\CodeIgniter->run()
10 SYSTEMPATH\Boot.php(67): CodeIgniter\Boot::runCodeIgniter(Object(CodeIgniter\CodeIgniter))
11 FCPATH\index.php(56): CodeIgniter\Boot::bootWeb(Object(Config\Paths))
